
[2026-03-29T05:40:17.280Z] ENTER getTickets. User: 69c7fe101eeea0c8fb946dcf Role: admin
[QUERY] Admin mode for tenant optiOffice_corp
[EXEC] Starting find and populate...
[RESULT] Database returned 3 tickets
[DONE] Sending response
[CRITICAL] catch error: TypeError: Cannot read properties of undefined (reading 'toString')
    at transform (D:\office\backend\models\User.js:188:22)
    at Document.$toObject (D:\office\backend\node_modules\mongoose\lib\document.js:3980:21)
    at Document.toJSON (D:\office\backend\node_modules\mongoose\lib\document.js:4436:15)
    at clone (D:\office\backend\node_modules\mongoose\lib\helpers\clone.js:87:17)
    at cloneObject (D:\office\backend\node_modules\mongoose\lib\helpers\clone.js:186:17)
    at clone (D:\office\backend\node_modules\mongoose\lib\helpers\clone.js:100:16)
    at Document.$toObject (D:\office\backend\node_modules\mongoose\lib\document.js:3929:11)
    at EmbeddedDocument.$toObject (D:\office\backend\node_modules\mongoose\lib\types\subdocument.js:459:44)
    at Document.toJSON (D:\office\backend\node_modules\mongoose\lib\document.js:4436:15)
    at clone (D:\office\backend\node_modules\mongoose\lib\helpers\clone.js:87:17)

[2026-03-29T05:40:17.620Z] ENTER getTickets. User: 69c7fe101eeea0c8fb946dcf Role: admin
[QUERY] Admin mode for tenant optiOffice_corp
[EXEC] Starting find and populate...
[RESULT] Database returned 3 tickets
[DONE] Sending response
[CRITICAL] catch error: TypeError: Cannot read properties of undefined (reading 'toString')
    at transform (D:\office\backend\models\User.js:188:22)
    at Document.$toObject (D:\office\backend\node_modules\mongoose\lib\document.js:3980:21)
    at Document.toJSON (D:\office\backend\node_modules\mongoose\lib\document.js:4436:15)
    at clone (D:\office\backend\node_modules\mongoose\lib\helpers\clone.js:87:17)
    at cloneObject (D:\office\backend\node_modules\mongoose\lib\helpers\clone.js:186:17)
    at clone (D:\office\backend\node_modules\mongoose\lib\helpers\clone.js:100:16)
    at Document.$toObject (D:\office\backend\node_modules\mongoose\lib\document.js:3929:11)
    at EmbeddedDocument.$toObject (D:\office\backend\node_modules\mongoose\lib\types\subdocument.js:459:44)
    at Document.toJSON (D:\office\backend\node_modules\mongoose\lib\document.js:4436:15)
    at clone (D:\office\backend\node_modules\mongoose\lib\helpers\clone.js:87:17)
